  server.c
C:\Users\Rafael\Desktop\GitHub\Pipe-Game\Server\server.c(145,13): warning C4477: 'wprintf': a cadeia de formato '%c' requer um argumento do tipo 'int', mas um argumento variadic 1 tem o tipo 'TCHAR *'
C:\Users\Rafael\Desktop\GitHub\Pipe-Game\Server\server.c(145,13): warning C4313: 'wprintf': '%c' na cadeia de formato está em conflito com o argumento 1 do tipo 'TCHAR *'
C:\Users\Rafael\Desktop\GitHub\Pipe-Game\Server\server.c(156,62): warning C4047: '!=': 'int' difere em níveis de indireção de 'char [2]'
C:\Users\Rafael\Desktop\GitHub\Pipe-Game\Server\server.c(158,24): warning C4047: 'função': 'wchar_t *' difere em níveis de indireção de 'TCHAR (*)[10]'
C:\Users\Rafael\Desktop\GitHub\Pipe-Game\Server\server.c(158,18): warning C4024: 'wcscpy_s': tipos diferentes para parâmetro formal e real 1
C:\Users\Rafael\Desktop\GitHub\Pipe-Game\Server\server.c(165,62): warning C4047: '!=': 'int' difere em níveis de indireção de 'char [2]'
C:\Users\Rafael\Desktop\GitHub\Pipe-Game\Server\server.c(167,24): warning C4047: 'função': 'wchar_t *' difere em níveis de indireção de 'TCHAR (*)[10]'
C:\Users\Rafael\Desktop\GitHub\Pipe-Game\Server\server.c(167,18): warning C4024: 'wcscpy_s': tipos diferentes para parâmetro formal e real 1
C:\Users\Rafael\Desktop\GitHub\Pipe-Game\Server\server.c(174,62): warning C4047: '!=': 'int' difere em níveis de indireção de 'char [2]'
C:\Users\Rafael\Desktop\GitHub\Pipe-Game\Server\server.c(176,24): warning C4047: 'função': 'wchar_t *' difere em níveis de indireção de 'TCHAR (*)[10]'
C:\Users\Rafael\Desktop\GitHub\Pipe-Game\Server\server.c(176,18): warning C4024: 'wcscpy_s': tipos diferentes para parâmetro formal e real 1
C:\Users\Rafael\Desktop\GitHub\Pipe-Game\Server\server.c(190,62): warning C4047: '!=': 'int' difere em níveis de indireção de 'char [2]'
C:\Users\Rafael\Desktop\GitHub\Pipe-Game\Server\server.c(192,24): warning C4047: 'função': 'wchar_t *' difere em níveis de indireção de 'TCHAR (*)[10]'
C:\Users\Rafael\Desktop\GitHub\Pipe-Game\Server\server.c(192,18): warning C4024: 'wcscpy_s': tipos diferentes para parâmetro formal e real 1
C:\Users\Rafael\Desktop\GitHub\Pipe-Game\Server\server.c(199,62): warning C4047: '!=': 'int' difere em níveis de indireção de 'char [2]'
C:\Users\Rafael\Desktop\GitHub\Pipe-Game\Server\server.c(201,24): warning C4047: 'função': 'wchar_t *' difere em níveis de indireção de 'TCHAR (*)[10]'
C:\Users\Rafael\Desktop\GitHub\Pipe-Game\Server\server.c(201,18): warning C4024: 'wcscpy_s': tipos diferentes para parâmetro formal e real 1
C:\Users\Rafael\Desktop\GitHub\Pipe-Game\Server\server.c(215,62): warning C4047: '!=': 'int' difere em níveis de indireção de 'char [2]'
C:\Users\Rafael\Desktop\GitHub\Pipe-Game\Server\server.c(217,24): warning C4047: 'função': 'wchar_t *' difere em níveis de indireção de 'TCHAR (*)[10]'
C:\Users\Rafael\Desktop\GitHub\Pipe-Game\Server\server.c(217,18): warning C4024: 'wcscpy_s': tipos diferentes para parâmetro formal e real 1
C:\Users\Rafael\Desktop\GitHub\Pipe-Game\Server\server.c(224,62): warning C4047: '!=': 'int' difere em níveis de indireção de 'char [2]'
C:\Users\Rafael\Desktop\GitHub\Pipe-Game\Server\server.c(226,24): warning C4047: 'função': 'wchar_t *' difere em níveis de indireção de 'TCHAR (*)[10]'
C:\Users\Rafael\Desktop\GitHub\Pipe-Game\Server\server.c(226,18): warning C4024: 'wcscpy_s': tipos diferentes para parâmetro formal e real 1
C:\Users\Rafael\Desktop\GitHub\Pipe-Game\Server\server.c(240,62): warning C4047: '!=': 'int' difere em níveis de indireção de 'char [2]'
C:\Users\Rafael\Desktop\GitHub\Pipe-Game\Server\server.c(242,24): warning C4047: 'função': 'wchar_t *' difere em níveis de indireção de 'TCHAR (*)[10]'
C:\Users\Rafael\Desktop\GitHub\Pipe-Game\Server\server.c(242,18): warning C4024: 'wcscpy_s': tipos diferentes para parâmetro formal e real 1
C:\Users\Rafael\Desktop\GitHub\Pipe-Game\Server\server.c(249,62): warning C4047: '!=': 'int' difere em níveis de indireção de 'char [2]'
C:\Users\Rafael\Desktop\GitHub\Pipe-Game\Server\server.c(251,24): warning C4047: 'função': 'wchar_t *' difere em níveis de indireção de 'TCHAR (*)[10]'
C:\Users\Rafael\Desktop\GitHub\Pipe-Game\Server\server.c(251,18): warning C4024: 'wcscpy_s': tipos diferentes para parâmetro formal e real 1
C:\Users\Rafael\Desktop\GitHub\Pipe-Game\Server\server.c(258,62): warning C4047: '!=': 'int' difere em níveis de indireção de 'char [2]'
C:\Users\Rafael\Desktop\GitHub\Pipe-Game\Server\server.c(260,24): warning C4047: 'função': 'wchar_t *' difere em níveis de indireção de 'TCHAR (*)[10]'
C:\Users\Rafael\Desktop\GitHub\Pipe-Game\Server\server.c(260,18): warning C4024: 'wcscpy_s': tipos diferentes para parâmetro formal e real 1
C:\Users\Rafael\Desktop\GitHub\Pipe-Game\Server\server.c(274,62): warning C4047: '!=': 'int' difere em níveis de indireção de 'char [2]'
C:\Users\Rafael\Desktop\GitHub\Pipe-Game\Server\server.c(276,24): warning C4047: 'função': 'wchar_t *' difere em níveis de indireção de 'TCHAR (*)[10]'
C:\Users\Rafael\Desktop\GitHub\Pipe-Game\Server\server.c(276,18): warning C4024: 'wcscpy_s': tipos diferentes para parâmetro formal e real 1
C:\Users\Rafael\Desktop\GitHub\Pipe-Game\Server\server.c(283,62): warning C4047: '!=': 'int' difere em níveis de indireção de 'char [2]'
C:\Users\Rafael\Desktop\GitHub\Pipe-Game\Server\server.c(285,24): warning C4047: 'função': 'wchar_t *' difere em níveis de indireção de 'TCHAR (*)[10]'
C:\Users\Rafael\Desktop\GitHub\Pipe-Game\Server\server.c(285,18): warning C4024: 'wcscpy_s': tipos diferentes para parâmetro formal e real 1
C:\Users\Rafael\Desktop\GitHub\Pipe-Game\Server\server.c(299,62): warning C4047: '!=': 'int' difere em níveis de indireção de 'char [2]'
C:\Users\Rafael\Desktop\GitHub\Pipe-Game\Server\server.c(301,24): warning C4047: 'função': 'wchar_t *' difere em níveis de indireção de 'TCHAR (*)[10]'
C:\Users\Rafael\Desktop\GitHub\Pipe-Game\Server\server.c(301,18): warning C4024: 'wcscpy_s': tipos diferentes para parâmetro formal e real 1
C:\Users\Rafael\Desktop\GitHub\Pipe-Game\Server\server.c(308,62): warning C4047: '!=': 'int' difere em níveis de indireção de 'char [2]'
C:\Users\Rafael\Desktop\GitHub\Pipe-Game\Server\server.c(310,24): warning C4047: 'função': 'wchar_t *' difere em níveis de indireção de 'TCHAR (*)[10]'
C:\Users\Rafael\Desktop\GitHub\Pipe-Game\Server\server.c(310,18): warning C4024: 'wcscpy_s': tipos diferentes para parâmetro formal e real 1
C:\Users\Rafael\Desktop\GitHub\Pipe-Game\Server\server.c(324,62): warning C4047: '!=': 'int' difere em níveis de indireção de 'char [2]'
C:\Users\Rafael\Desktop\GitHub\Pipe-Game\Server\server.c(326,24): warning C4047: 'função': 'wchar_t *' difere em níveis de indireção de 'TCHAR (*)[10]'
C:\Users\Rafael\Desktop\GitHub\Pipe-Game\Server\server.c(326,18): warning C4024: 'wcscpy_s': tipos diferentes para parâmetro formal e real 1
C:\Users\Rafael\Desktop\GitHub\Pipe-Game\Server\server.c(333,62): warning C4047: '!=': 'int' difere em níveis de indireção de 'char [2]'
C:\Users\Rafael\Desktop\GitHub\Pipe-Game\Server\server.c(335,24): warning C4047: 'função': 'wchar_t *' difere em níveis de indireção de 'TCHAR (*)[10]'
C:\Users\Rafael\Desktop\GitHub\Pipe-Game\Server\server.c(335,18): warning C4024: 'wcscpy_s': tipos diferentes para parâmetro formal e real 1
C:\Users\Rafael\Desktop\GitHub\Pipe-Game\Server\server.c(342,62): warning C4047: '!=': 'int' difere em níveis de indireção de 'char [2]'
C:\Users\Rafael\Desktop\GitHub\Pipe-Game\Server\server.c(344,24): warning C4047: 'função': 'wchar_t *' difere em níveis de indireção de 'TCHAR (*)[10]'
C:\Users\Rafael\Desktop\GitHub\Pipe-Game\Server\server.c(344,18): warning C4024: 'wcscpy_s': tipos diferentes para parâmetro formal e real 1
C:\Users\Rafael\Desktop\GitHub\Pipe-Game\Server\server.c(358,62): warning C4047: '!=': 'int' difere em níveis de indireção de 'char [2]'
C:\Users\Rafael\Desktop\GitHub\Pipe-Game\Server\server.c(360,24): warning C4047: 'função': 'wchar_t *' difere em níveis de indireção de 'TCHAR (*)[10]'
C:\Users\Rafael\Desktop\GitHub\Pipe-Game\Server\server.c(360,18): warning C4024: 'wcscpy_s': tipos diferentes para parâmetro formal e real 1
C:\Users\Rafael\Desktop\GitHub\Pipe-Game\Server\server.c(367,62): warning C4047: '!=': 'int' difere em níveis de indireção de 'char [2]'
C:\Users\Rafael\Desktop\GitHub\Pipe-Game\Server\server.c(369,24): warning C4047: 'função': 'wchar_t *' difere em níveis de indireção de 'TCHAR (*)[10]'
C:\Users\Rafael\Desktop\GitHub\Pipe-Game\Server\server.c(369,18): warning C4024: 'wcscpy_s': tipos diferentes para parâmetro formal e real 1
C:\Users\Rafael\Desktop\GitHub\Pipe-Game\Server\server.c(376,62): warning C4047: '!=': 'int' difere em níveis de indireção de 'char [2]'
C:\Users\Rafael\Desktop\GitHub\Pipe-Game\Server\server.c(378,24): warning C4047: 'função': 'wchar_t *' difere em níveis de indireção de 'TCHAR (*)[10]'
C:\Users\Rafael\Desktop\GitHub\Pipe-Game\Server\server.c(378,18): warning C4024: 'wcscpy_s': tipos diferentes para parâmetro formal e real 1
C:\Users\Rafael\Desktop\GitHub\Pipe-Game\Server\server.c(394,59): warning C4566: caractere representado por nome de caractere universal (UCN) '\u2513' não pode ser representado na página de código atual (1252)
C:\Users\Rafael\Desktop\GitHub\Pipe-Game\Server\server.c(394,65): warning C4047: '==': 'int' difere em níveis de indireção de 'char [2]'
C:\Users\Rafael\Desktop\GitHub\Pipe-Game\Server\server.c(394,117): warning C4566: caractere representado por nome de caractere universal (UCN) '\u251B' não pode ser representado na página de código atual (1252)
C:\Users\Rafael\Desktop\GitHub\Pipe-Game\Server\server.c(394,122): warning C4047: '==': 'int' difere em níveis de indireção de 'char [2]'
C:\Users\Rafael\Desktop\GitHub\Pipe-Game\Server\server.c(395,23): warning C4047: 'função': 'wchar_t *' difere em níveis de indireção de 'TCHAR (*)[10]'
C:\Users\Rafael\Desktop\GitHub\Pipe-Game\Server\server.c(395,17): warning C4024: 'wcscpy_s': tipos diferentes para parâmetro formal e real 1
C:\Users\Rafael\Desktop\GitHub\Pipe-Game\Server\server.c(402,59): warning C4566: caractere representado por nome de caractere universal (UCN) '\u250F' não pode ser representado na página de código atual (1252)
C:\Users\Rafael\Desktop\GitHub\Pipe-Game\Server\server.c(402,65): warning C4047: '==': 'int' difere em níveis de indireção de 'char [2]'
C:\Users\Rafael\Desktop\GitHub\Pipe-Game\Server\server.c(402,117): warning C4566: caractere representado por nome de caractere universal (UCN) '\u2517' não pode ser representado na página de código atual (1252)
C:\Users\Rafael\Desktop\GitHub\Pipe-Game\Server\server.c(402,122): warning C4047: '==': 'int' difere em níveis de indireção de 'char [2]'
C:\Users\Rafael\Desktop\GitHub\Pipe-Game\Server\server.c(403,23): warning C4047: 'função': 'wchar_t *' difere em níveis de indireção de 'TCHAR (*)[10]'
C:\Users\Rafael\Desktop\GitHub\Pipe-Game\Server\server.c(403,17): warning C4024: 'wcscpy_s': tipos diferentes para parâmetro formal e real 1
C:\Users\Rafael\Desktop\GitHub\Pipe-Game\Server\server.c(414,59): warning C4566: caractere representado por nome de caractere universal (UCN) '\u251B' não pode ser representado na página de código atual (1252)
C:\Users\Rafael\Desktop\GitHub\Pipe-Game\Server\server.c(414,65): warning C4047: '==': 'int' difere em níveis de indireção de 'char [2]'
C:\Users\Rafael\Desktop\GitHub\Pipe-Game\Server\server.c(414,117): warning C4566: caractere representado por nome de caractere universal (UCN) '\u2517' não pode ser representado na página de código atual (1252)
C:\Users\Rafael\Desktop\GitHub\Pipe-Game\Server\server.c(414,122): warning C4047: '==': 'int' difere em níveis de indireção de 'char [2]'
C:\Users\Rafael\Desktop\GitHub\Pipe-Game\Server\server.c(415,23): warning C4047: 'função': 'wchar_t *' difere em níveis de indireção de 'TCHAR (*)[10]'
C:\Users\Rafael\Desktop\GitHub\Pipe-Game\Server\server.c(415,17): warning C4024: 'wcscpy_s': tipos diferentes para parâmetro formal e real 1
C:\Users\Rafael\Desktop\GitHub\Pipe-Game\Server\server.c(422,59): warning C4566: caractere representado por nome de caractere universal (UCN) '\u250F' não pode ser representado na página de código atual (1252)
C:\Users\Rafael\Desktop\GitHub\Pipe-Game\Server\server.c(422,65): warning C4047: '==': 'int' difere em níveis de indireção de 'char [2]'
C:\Users\Rafael\Desktop\GitHub\Pipe-Game\Server\server.c(422,117): warning C4566: caractere representado por nome de caractere universal (UCN) '\u2513' não pode ser representado na página de código atual (1252)
C:\Users\Rafael\Desktop\GitHub\Pipe-Game\Server\server.c(422,122): warning C4047: '==': 'int' difere em níveis de indireção de 'char [2]'
C:\Users\Rafael\Desktop\GitHub\Pipe-Game\Server\server.c(423,23): warning C4047: 'função': 'wchar_t *' difere em níveis de indireção de 'TCHAR (*)[10]'
C:\Users\Rafael\Desktop\GitHub\Pipe-Game\Server\server.c(423,17): warning C4024: 'wcscpy_s': tipos diferentes para parâmetro formal e real 1
C:\Users\Rafael\Desktop\GitHub\Pipe-Game\Server\server.c(434,61): warning C4047: '!=': 'int' difere em níveis de indireção de 'char [2]'
C:\Users\Rafael\Desktop\GitHub\Pipe-Game\Server\server.c(436,60): warning C4566: caractere representado por nome de caractere universal (UCN) '\u2513' não pode ser representado na página de código atual (1252)
C:\Users\Rafael\Desktop\GitHub\Pipe-Game\Server\server.c(436,66): warning C4047: '==': 'int' difere em níveis de indireção de 'char [2]'
C:\Users\Rafael\Desktop\GitHub\Pipe-Game\Server\server.c(436,118): warning C4566: caractere representado por nome de caractere universal (UCN) '\u251B' não pode ser representado na página de código atual (1252)
C:\Users\Rafael\Desktop\GitHub\Pipe-Game\Server\server.c(436,124): warning C4047: '==': 'int' difere em níveis de indireção de 'char [2]'
C:\Users\Rafael\Desktop\GitHub\Pipe-Game\Server\server.c(436,176): warning C4566: caractere representado por nome de caractere universal (UCN) '\u2501' não pode ser representado na página de código atual (1252)
C:\Users\Rafael\Desktop\GitHub\Pipe-Game\Server\server.c(436,181): warning C4047: '==': 'int' difere em níveis de indireção de 'char [2]'
C:\Users\Rafael\Desktop\GitHub\Pipe-Game\Server\server.c(437,24): warning C4047: 'função': 'wchar_t *' difere em níveis de indireção de 'TCHAR (*)[10]'
C:\Users\Rafael\Desktop\GitHub\Pipe-Game\Server\server.c(437,18): warning C4024: 'wcscpy_s': tipos diferentes para parâmetro formal e real 1
C:\Users\Rafael\Desktop\GitHub\Pipe-Game\Server\server.c(447,61): warning C4047: '!=': 'int' difere em níveis de indireção de 'char [2]'
C:\Users\Rafael\Desktop\GitHub\Pipe-Game\Server\server.c(449,60): warning C4566: caractere representado por nome de caractere universal (UCN) '\u251B' não pode ser representado na página de código atual (1252)
C:\Users\Rafael\Desktop\GitHub\Pipe-Game\Server\server.c(449,66): warning C4047: '==': 'int' difere em níveis de indireção de 'char [2]'
C:\Users\Rafael\Desktop\GitHub\Pipe-Game\Server\server.c(449,118): warning C4566: caractere representado por nome de caractere universal (UCN) '\u2517' não pode ser representado na página de código atual (1252)
C:\Users\Rafael\Desktop\GitHub\Pipe-Game\Server\server.c(449,124): warning C4047: '==': 'int' difere em níveis de indireção de 'char [2]'
C:\Users\Rafael\Desktop\GitHub\Pipe-Game\Server\server.c(449,176): warning C4566: caractere representado por nome de caractere universal (UCN) '\u2503' não pode ser representado na página de código atual (1252)
C:\Users\Rafael\Desktop\GitHub\Pipe-Game\Server\server.c(449,181): warning C4047: '==': 'int' difere em níveis de indireção de 'char [2]'
C:\Users\Rafael\Desktop\GitHub\Pipe-Game\Server\server.c(450,24): warning C4047: 'função': 'wchar_t *' difere em níveis de indireção de 'TCHAR (*)[10]'
C:\Users\Rafael\Desktop\GitHub\Pipe-Game\Server\server.c(450,18): warning C4024: 'wcscpy_s': tipos diferentes para parâmetro formal e real 1
C:\Users\Rafael\Desktop\GitHub\Pipe-Game\Server\server.c(465,61): warning C4047: '!=': 'int' difere em níveis de indireção de 'char [2]'
C:\Users\Rafael\Desktop\GitHub\Pipe-Game\Server\server.c(467,60): warning C4566: caractere representado por nome de caractere universal (UCN) '\u250F' não pode ser representado na página de código atual (1252)
C:\Users\Rafael\Desktop\GitHub\Pipe-Game\Server\server.c(467,66): warning C4047: '==': 'int' difere em níveis de indireção de 'char [2]'
C:\Users\Rafael\Desktop\GitHub\Pipe-Game\Server\server.c(467,118): warning C4566: caractere representado por nome de caractere universal (UCN) '\u2517' não pode ser representado na página de código atual (1252)
C:\Users\Rafael\Desktop\GitHub\Pipe-Game\Server\server.c(467,124): warning C4047: '==': 'int' difere em níveis de indireção de 'char [2]'
C:\Users\Rafael\Desktop\GitHub\Pipe-Game\Server\server.c(467,176): warning C4566: caractere representado por nome de caractere universal (UCN) '\u2501' não pode ser representado na página de código atual (1252)
C:\Users\Rafael\Desktop\GitHub\Pipe-Game\Server\server.c(467,181): warning C4047: '==': 'int' difere em níveis de indireção de 'char [2]'
C:\Users\Rafael\Desktop\GitHub\Pipe-Game\Server\server.c(468,24): warning C4047: 'função': 'wchar_t *' difere em níveis de indireção de 'TCHAR (*)[10]'
C:\Users\Rafael\Desktop\GitHub\Pipe-Game\Server\server.c(468,18): warning C4024: 'wcscpy_s': tipos diferentes para parâmetro formal e real 1
C:\Users\Rafael\Desktop\GitHub\Pipe-Game\Server\server.c(478,61): warning C4047: '!=': 'int' difere em níveis de indireção de 'char [2]'
C:\Users\Rafael\Desktop\GitHub\Pipe-Game\Server\server.c(480,60): warning C4566: caractere representado por nome de caractere universal (UCN) '\u251B' não pode ser representado na página de código atual (1252)
C:\Users\Rafael\Desktop\GitHub\Pipe-Game\Server\server.c(480,66): warning C4047: '==': 'int' difere em níveis de indireção de 'char [2]'
C:\Users\Rafael\Desktop\GitHub\Pipe-Game\Server\server.c(480,118): warning C4566: caractere representado por nome de caractere universal (UCN) '\u2517' não pode ser representado na página de código atual (1252)
C:\Users\Rafael\Desktop\GitHub\Pipe-Game\Server\server.c(480,124): warning C4047: '==': 'int' difere em níveis de indireção de 'char [2]'
C:\Users\Rafael\Desktop\GitHub\Pipe-Game\Server\server.c(480,176): warning C4566: caractere representado por nome de caractere universal (UCN) '\u2503' não pode ser representado na página de código atual (1252)
C:\Users\Rafael\Desktop\GitHub\Pipe-Game\Server\server.c(480,181): warning C4047: '==': 'int' difere em níveis de indireção de 'char [2]'
C:\Users\Rafael\Desktop\GitHub\Pipe-Game\Server\server.c(481,24): warning C4047: 'função': 'wchar_t *' difere em níveis de indireção de 'TCHAR (*)[10]'
C:\Users\Rafael\Desktop\GitHub\Pipe-Game\Server\server.c(481,18): warning C4024: 'wcscpy_s': tipos diferentes para parâmetro formal e real 1
C:\Users\Rafael\Desktop\GitHub\Pipe-Game\Server\server.c(496,61): warning C4047: '!=': 'int' difere em níveis de indireção de 'char [2]'
C:\Users\Rafael\Desktop\GitHub\Pipe-Game\Server\server.c(498,60): warning C4566: caractere representado por nome de caractere universal (UCN) '\u250F' não pode ser representado na página de código atual (1252)
C:\Users\Rafael\Desktop\GitHub\Pipe-Game\Server\server.c(498,66): warning C4047: '==': 'int' difere em níveis de indireção de 'char [2]'
C:\Users\Rafael\Desktop\GitHub\Pipe-Game\Server\server.c(498,118): warning C4566: caractere representado por nome de caractere universal (UCN) '\u2517' não pode ser representado na página de código atual (1252)
C:\Users\Rafael\Desktop\GitHub\Pipe-Game\Server\server.c(498,124): warning C4047: '==': 'int' difere em níveis de indireção de 'char [2]'
C:\Users\Rafael\Desktop\GitHub\Pipe-Game\Server\server.c(498,176): warning C4566: caractere representado por nome de caractere universal (UCN) '\u2501' não pode ser representado na página de código atual (1252)
C:\Users\Rafael\Desktop\GitHub\Pipe-Game\Server\server.c(498,181): warning C4047: '==': 'int' difere em níveis de indireção de 'char [2]'
C:\Users\Rafael\Desktop\GitHub\Pipe-Game\Server\server.c(499,24): warning C4047: 'função': 'wchar_t *' difere em níveis de indireção de 'TCHAR (*)[10]'
C:\Users\Rafael\Desktop\GitHub\Pipe-Game\Server\server.c(499,18): warning C4024: 'wcscpy_s': tipos diferentes para parâmetro formal e real 1
C:\Users\Rafael\Desktop\GitHub\Pipe-Game\Server\server.c(509,61): warning C4047: '!=': 'int' difere em níveis de indireção de 'char [2]'
C:\Users\Rafael\Desktop\GitHub\Pipe-Game\Server\server.c(511,60): warning C4566: caractere representado por nome de caractere universal (UCN) '\u2513' não pode ser representado na página de código atual (1252)
C:\Users\Rafael\Desktop\GitHub\Pipe-Game\Server\server.c(511,66): warning C4047: '==': 'int' difere em níveis de indireção de 'char [2]'
C:\Users\Rafael\Desktop\GitHub\Pipe-Game\Server\server.c(511,118): warning C4566: caractere representado por nome de caractere universal (UCN) '\u250F' não pode ser representado na página de código atual (1252)
C:\Users\Rafael\Desktop\GitHub\Pipe-Game\Server\server.c(511,124): warning C4047: '==': 'int' difere em níveis de indireção de 'char [2]'
C:\Users\Rafael\Desktop\GitHub\Pipe-Game\Server\server.c(511,176): warning C4566: caractere representado por nome de caractere universal (UCN) '\u2503' não pode ser representado na página de código atual (1252)
C:\Users\Rafael\Desktop\GitHub\Pipe-Game\Server\server.c(511,181): warning C4047: '==': 'int' difere em níveis de indireção de 'char [2]'
C:\Users\Rafael\Desktop\GitHub\Pipe-Game\Server\server.c(512,24): warning C4047: 'função': 'wchar_t *' difere em níveis de indireção de 'TCHAR (*)[10]'
C:\Users\Rafael\Desktop\GitHub\Pipe-Game\Server\server.c(512,18): warning C4024: 'wcscpy_s': tipos diferentes para parâmetro formal e real 1
C:\Users\Rafael\Desktop\GitHub\Pipe-Game\Server\server.c(527,61): warning C4047: '!=': 'int' difere em níveis de indireção de 'char [2]'
C:\Users\Rafael\Desktop\GitHub\Pipe-Game\Server\server.c(529,60): warning C4566: caractere representado por nome de caractere universal (UCN) '\u2513' não pode ser representado na página de código atual (1252)
C:\Users\Rafael\Desktop\GitHub\Pipe-Game\Server\server.c(529,66): warning C4047: '==': 'int' difere em níveis de indireção de 'char [2]'
C:\Users\Rafael\Desktop\GitHub\Pipe-Game\Server\server.c(529,118): warning C4566: caractere representado por nome de caractere universal (UCN) '\u251B' não pode ser representado na página de código atual (1252)
C:\Users\Rafael\Desktop\GitHub\Pipe-Game\Server\server.c(529,124): warning C4047: '==': 'int' difere em níveis de indireção de 'char [2]'
C:\Users\Rafael\Desktop\GitHub\Pipe-Game\Server\server.c(529,176): warning C4566: caractere representado por nome de caractere universal (UCN) '\u2501' não pode ser representado na página de código atual (1252)
C:\Users\Rafael\Desktop\GitHub\Pipe-Game\Server\server.c(529,181): warning C4047: '==': 'int' difere em níveis de indireção de 'char [2]'
C:\Users\Rafael\Desktop\GitHub\Pipe-Game\Server\server.c(530,24): warning C4047: 'função': 'wchar_t *' difere em níveis de indireção de 'TCHAR (*)[10]'
C:\Users\Rafael\Desktop\GitHub\Pipe-Game\Server\server.c(530,18): warning C4024: 'wcscpy_s': tipos diferentes para parâmetro formal e real 1
C:\Users\Rafael\Desktop\GitHub\Pipe-Game\Server\server.c(540,61): warning C4047: '!=': 'int' difere em níveis de indireção de 'char [2]'
C:\Users\Rafael\Desktop\GitHub\Pipe-Game\Server\server.c(542,60): warning C4566: caractere representado por nome de caractere universal (UCN) '\u2513' não pode ser representado na página de código atual (1252)
C:\Users\Rafael\Desktop\GitHub\Pipe-Game\Server\server.c(542,66): warning C4047: '==': 'int' difere em níveis de indireção de 'char [2]'
C:\Users\Rafael\Desktop\GitHub\Pipe-Game\Server\server.c(542,118): warning C4566: caractere representado por nome de caractere universal (UCN) '\u250F' não pode ser representado na página de código atual (1252)
C:\Users\Rafael\Desktop\GitHub\Pipe-Game\Server\server.c(542,124): warning C4047: '==': 'int' difere em níveis de indireção de 'char [2]'
C:\Users\Rafael\Desktop\GitHub\Pipe-Game\Server\server.c(542,176): warning C4566: caractere representado por nome de caractere universal (UCN) '\u2503' não pode ser representado na página de código atual (1252)
C:\Users\Rafael\Desktop\GitHub\Pipe-Game\Server\server.c(542,181): warning C4047: '==': 'int' difere em níveis de indireção de 'char [2]'
C:\Users\Rafael\Desktop\GitHub\Pipe-Game\Server\server.c(543,24): warning C4047: 'função': 'wchar_t *' difere em níveis de indireção de 'TCHAR (*)[10]'
C:\Users\Rafael\Desktop\GitHub\Pipe-Game\Server\server.c(543,18): warning C4024: 'wcscpy_s': tipos diferentes para parâmetro formal e real 1
C:\Users\Rafael\Desktop\GitHub\Pipe-Game\Server\server.c(895,26): warning C4013: 'time' indefinido; assumindo extern retornando int
C:\Users\Rafael\Desktop\GitHub\Pipe-Game\Server\server.c(569): warning C4715: 'waterFlow': nem todos os caminhos de controle retornam um valor
  Server.vcxproj -> C:\Users\Rafael\Desktop\GitHub\Pipe-Game\Pipe Game\x64\Debug\Server.exe
